#
# There is insufficient memory for the Java Runtime Environment to continue.
# Native memory allocation (mmap) failed to map 56623104 bytes for G1 virtual space
# Possible reasons:
#   The system is out of physical RAM or swap space
#   The process is running with CompressedOops enabled, and the Java Heap may be blocking the growth of the native heap
# Possible solutions:
#   Reduce memory load on the system
#   Increase physical memory or swap space
#   Check if swap backing store is full
#   Decrease Java heap size (-Xmx/-Xms)
#   Decrease number of Java threads
#   Decrease Java thread stack sizes (-Xss)
#   Set larger code cache with -XX:ReservedCodeCacheSize=
#   JVM is running with Unscaled Compressed Oops mode in which the Java heap is
#     placed in the first 4GB address space. The Java Heap base address is the
#     maximum limit for the native heap growth. Please use -XX:HeapBaseMinAddress
#     to set the Java Heap base and to place the Java Heap above 4GB virtual address.
# This output file may be truncated or incomplete.
#
#  Out of Memory Error (os_windows.cpp:3600), pid=9312, tid=20184
#
# JRE version:  (21.0.1+12) (build )
# Java VM: Java HotSpot(TM) 64-Bit Server VM (21.0.1+12-LTS-29, mixed mode, sharing, tiered, compressed oops, compressed class ptrs, g1 gc, windows-amd64)
# No core dump will be written. Minidumps are not enabled by default on client versions of Windows
#

---------------  S U M M A R Y ------------

Command Line: -javaagent:C:\Program Files\JetBrains\IntelliJ IDEA Community Edition 2024.3.7\lib\idea_rt.jar=50359 -Dfile.encoding=UTF-8 -Dsun.stdout.encoding=UTF-8 -Dsun.stderr.encoding=UTF-8 com.dailycode.BasicLogic.Lavel1.LeapYearChecker

Host: AMD Ryzen 5 5625U with Radeon Graphics         , 12 cores, 3G,  Windows 11 , 64 bit Build 26100 (10.0.26100.7309)
Time: Tue Jan  6 09:31:43 2026 India Standard Time elapsed time: 3.057288 seconds (0d 0h 0m 3s)

---------------  T H R E A D  ---------------

Current thread (0x000001c20e4737f0):  JavaThread "Unknown thread" [_thread_in_vm, id=20184, stack(0x0000009c4af00000,0x0000009c4b000000) (1024K)]

Stack: [0x0000009c4af00000,0x0000009c4b000000]
Native frames: (J=compiled Java code, j=interpreted, Vv=VM code, C=native code)
V  [jvm.dll+0x6c9029]
V  [jvm.dll+0x854b81]
V  [jvm.dll+0x856e5e]
V  [jvm.dll+0x857543]
V  [jvm.dll+0x280c06]
V  [jvm.dll+0x6c5715]
V  [jvm.dll+0x6ba10a]
V  [jvm.dll+0x3557ea]
V  [jvm.dll+0x35d436]
V  [jvm.dll+0x3ae1be]
V  [jvm.dll+0x3ae468]
V  [jvm.dll+0x3291fc]
V  [jvm.dll+0x329d8b]
V  [jvm.dll+0x81d179]
V  [jvm.dll+0x3bb4f1]
V  [jvm.dll+0x805ae8]
V  [jvm.dll+0x44effe]
V  [jvm.dll+0x450901]
C  [jli.dll+0x52a3]
C  [ucrtbase.dll+0x37b0]
C  [KERNEL32.DLL+0x2e8d7]
C  [ntdll.dll+0x8c53c]


---------------  P R O C E S S  ---------------

Threads class SMR info:
_java_thread_list=0x00007ff8520c9b88, length=0, elements={
}

Java Threads: ( => current thread )
Total: 0

Other Threads:
  0x000001c2107ed840 WorkerThread "GC Thread#0"                     [id=3700, stack(0x0000009c4b000000,0x0000009c4b100000) (1024K)]
  0x000001c2107f5360 ConcurrentGCThread "G1 Main Marker"            [id=19440, stack(0x0000009c4b100000,0x0000009c4b200000) (1024K)]
  0x000001c2107f6ce0 WorkerThread "G1 Conc#0"                       [id=3208, stack(0x0000009c4b200000,0x0000009c4b300000) (1024K)]

[error occurred during error reporting (printing all threads), id 0xc0000005, EXCEPTION_ACCESS_VIOLATION (0xc0000005) at pc=0x00007ff85183c2c7]
VM state: not at safepoint (not fully initialized)

VM Mutex/Monitor currently owned by a thread:  ([mutex/lock_event])
[0x00007ff85213a6f8] Heap_lock - owner thread: 0x000001c20e4737f0

Heap address: 0x00000000ca600000, size: 858 MB, Compressed Oops mode: 32-bit

CDS archive(s) mapped at: [0x0000000000000000-0x0000000000000000-0x0000000000000000), size 0, SharedBaseAddress: 0x0000000800000000, ArchiveRelocationMode: 1.
Narrow klass base: 0x0000000000000000, Narrow klass shift: 0, Narrow klass range: 0x0

GC Precious Log:
 CardTable entry size: 512
 Card Set container configuration: InlinePtr #cards 5 size 8 Array Of Cards #cards 12 size 40 Howl #buckets 4 coarsen threshold 1843 Howl Bitmap #cards 512 size 80 coarsen threshold 460 Card regions per heap region 1 cards per card region 2048

Heap:
 garbage-first heap   total 0K, used 0K [0x00000000ca600000, 0x0000000100000000)
  region size 1024K, 0 young (0K), 0 survivors (0K)

[error occurred during error reporting (printing heap information), id 0xc0000005, EXCEPTION_ACCESS_VIOLATION (0xc0000005) at pc=0x00007ff851c21be9]
GC Heap History (0 events):
No events

Dll operation events (1 events):
Event: 0.022 Loaded shared library C:\Program Files\Java\jdk-21\bin\java.dll

Deoptimization events (0 events):
No events

Classes loaded (0 events):
No events

Classes unloaded (0 events):
No events

Classes redefined (0 events):
No events

Internal exceptions (0 events):
No events

ZGC Phase Switch (0 events):
No events

VM Operations (0 events):
No events

Events (0 events):
No events


Dynamic libraries:
0x00007ff72c420000 - 0x00007ff72c430000 	C:\Program Files\Java\jdk-21\bin\java.exe
0x00007ff8b8600000 - 0x00007ff8b8867000 	C:\WINDOWS\SYSTEM32\ntdll.dll
0x00007ff8b7e50000 - 0x00007ff8b7f19000 	C:\WINDOWS\System32\KERNEL32.DLL
0x00007ff8b5ae0000 - 0x00007ff8b5ecf000 	C:\WINDOWS\System32\KERNELBASE.dll
0x00007ff8b5750000 - 0x00007ff8b589b000 	C:\WINDOWS\System32\ucrtbase.dll
0x00007ff8b2710000 - 0x00007ff8b272b000 	C:\Program Files\Java\jdk-21\bin\VCRUNTIME140.dll
0x00007ff8b2730000 - 0x00007ff8b2749000 	C:\Program Files\Java\jdk-21\bin\jli.dll
0x00007ff8b7ba0000 - 0x00007ff8b7c54000 	C:\WINDOWS\System32\ADVAPI32.dll
0x00007ff8b67e0000 - 0x00007ff8b6889000 	C:\WINDOWS\System32\msvcrt.dll
0x00007ff8b8400000 - 0x00007ff8b84a6000 	C:\WINDOWS\System32\sechost.dll
0x00007ff8b7c60000 - 0x00007ff8b7d78000 	C:\WINDOWS\System32\RPCRT4.dll
0x00007ff8b6590000 - 0x00007ff8b6755000 	C:\WINDOWS\System32\USER32.dll
0x00007ff8b6180000 - 0x00007ff8b61a7000 	C:\WINDOWS\System32\win32u.dll
0x00007ff899110000 - 0x00007ff8993a3000 	C:\WINDOWS\WinSxS\amd64_microsoft.windows.common-controls_6595b64144ccf1df_6.0.26100.7309_none_3e05feeae336a044\COMCTL32.dll
0x00007ff8b8590000 - 0x00007ff8b85bb000 	C:\WINDOWS\System32\GDI32.dll
0x00007ff8b6050000 - 0x00007ff8b617c000 	C:\WINDOWS\System32\gdi32full.dll
0x00007ff8b61b0000 - 0x00007ff8b6253000 	C:\WINDOWS\System32\msvcp_win.dll
0x00007ff8ad8f0000 - 0x00007ff8ad8fb000 	C:\WINDOWS\SYSTEM32\VERSION.dll
0x00007ff8b6d20000 - 0x00007ff8b6d51000 	C:\WINDOWS\System32\IMM32.DLL
0x00007ff8b2700000 - 0x00007ff8b270c000 	C:\Program Files\Java\jdk-21\bin\vcruntime140_1.dll
0x00007ff8b0700000 - 0x00007ff8b078e000 	C:\Program Files\Java\jdk-21\bin\msvcp140.dll
0x00007ff851500000 - 0x00007ff852215000 	C:\Program Files\Java\jdk-21\bin\server\jvm.dll
0x00007ff8b5400000 - 0x00007ff8b545e000 	C:\WINDOWS\SYSTEM32\POWRPROF.dll
0x00007ff8b6760000 - 0x00007ff8b67d4000 	C:\WINDOWS\System32\WS2_32.dll
0x00007ff8ad8b0000 - 0x00007ff8ad8e5000 	C:\WINDOWS\SYSTEM32\WINMM.dll
0x00007ff8b53e0000 - 0x00007ff8b53f4000 	C:\WINDOWS\SYSTEM32\UMPDC.dll
0x00007ff8b4500000 - 0x00007ff8b451b000 	C:\WINDOWS\SYSTEM32\kernel.appcore.dll
0x00007ff8b08d0000 - 0x00007ff8b08da000 	C:\Program Files\Java\jdk-21\bin\jimage.dll
0x00007ff8a89e0000 - 0x00007ff8a8c22000 	C:\WINDOWS\SYSTEM32\DBGHELP.DLL
0x00007ff8b6d60000 - 0x00007ff8b70e5000 	C:\WINDOWS\System32\combase.dll
0x00007ff8b7ac0000 - 0x00007ff8b7b96000 	C:\WINDOWS\System32\OLEAUT32.dll
0x00007ff898260000 - 0x00007ff89829c000 	C:\WINDOWS\SYSTEM32\dbgcore.DLL
0x00007ff8b6260000 - 0x00007ff8b6305000 	C:\WINDOWS\System32\bcryptPrimitives.dll
0x00007ff8b08c0000 - 0x00007ff8b08cf000 	C:\Program Files\Java\jdk-21\bin\instrument.dll
0x00007ff8b06e0000 - 0x00007ff8b06ff000 	C:\Program Files\Java\jdk-21\bin\java.dll

dbghelp: loaded successfully - version: 4.0.5 - missing functions: none
symbol engine: initialized successfully - sym options: 0x614 - pdb path: .;C:\Program Files\Java\jdk-21\bin;C:\WINDOWS\SYSTEM32;C:\WINDOWS\WinSxS\amd64_microsoft.windows.common-controls_6595b64144ccf1df_6.0.26100.7309_none_3e05feeae336a044;C:\Program Files\Java\jdk-21\bin\server

VM Arguments:
jvm_args: -javaagent:C:\Program Files\JetBrains\IntelliJ IDEA Community Edition 2024.3.7\lib\idea_rt.jar=50359 -Dfile.encoding=UTF-8 -Dsun.stdout.encoding=UTF-8 -Dsun.stderr.encoding=UTF-8 
java_command: com.dailycode.BasicLogic.Lavel1.LeapYearChecker
java_class_path (initial): D:\Gfg Dsa\Code-GFG\DSA-CODE\target\classes
Launcher Type: SUN_STANDARD

[Global flags]
     intx CICompilerCount                          = 4                                         {product} {ergonomic}
     uint ConcGCThreads                            = 3                                         {product} {ergonomic}
     uint G1ConcRefinementThreads                  = 10                                        {product} {ergonomic}
   size_t G1HeapRegionSize                         = 1048576                                   {product} {ergonomic}
    uintx GCDrainStackTargetSize                   = 64                                        {product} {ergonomic}
   size_t InitialHeapSize                          = 56623104                                  {product} {ergonomic}
   size_t MarkStackSize                            = 4194304                                   {product} {ergonomic}
   size_t MaxHeapSize                              = 899678208                                 {product} {ergonomic}
   size_t MinHeapDeltaBytes                        = 1048576                                   {product} {ergonomic}
   size_t MinHeapSize                              = 8388608                                   {product} {ergonomic}
    uintx NonNMethodCodeHeapSize                   = 5839372                                {pd product} {ergonomic}
    uintx NonProfiledCodeHeapSize                  = 122909434                              {pd product} {ergonomic}
    uintx ProfiledCodeHeapSize                     = 122909434                              {pd product} {ergonomic}
    uintx ReservedCodeCacheSize                    = 251658240                              {pd product} {ergonomic}
     bool SegmentedCodeCache                       = true                                      {product} {ergonomic}
   size_t SoftMaxHeapSize                          = 899678208                              {manageable} {ergonomic}
     bool UseCompressedOops                        = true                           {product lp64_product} {ergonomic}
     bool UseG1GC                                  = true                                      {product} {ergonomic}
     bool UseLargePagesIndividualAllocation        = false                                  {pd product} {ergonomic}

Logging:
Log output configuration:
 #0: stdout all=warning uptime,level,tags foldmultilines=false
 #1: stderr all=off uptime,level,tags foldmultilines=false

Environment Variables:
PATH=C:\Program Files\Common Files\Oracle\Java\javapath;C:\windows\system32;C:\windows;C:\windows\System32\Wbem;C:\windows\System32\WindowsPowerShell\v1.0\;C:\windows\System32\OpenSSH\;C:\Program Files\nodejs\;C:\Program Files\Java\jdk-21\bin;C:\Program Files\Docker\Docker\resources\bin;C:\Program Files\HP\HP One Agent;C:\Program Files\Git\cmd;C:\ProgramData\chocolatey\bin;C:\WINDOWS\system32;C:\WINDOWS;C:\WINDOWS\System32\Wbem;C:\WINDOWS\System32\WindowsPowerShell\v1.0\;C:\WINDOWS\System32\OpenSSH\;C:\Program Files\dotnet\;C:\Users\shiva\AppData\Roaming\.dotnet;C:\Users\shiva\.console-ninja\.bin;C:\Users\shiva\AppData\Local\Microsoft\WindowsApps;;C:\Users\shiva\AppData\Local\Programs\Microsoft VS Code\bin;C:\Users\shiva\AppData\Roaming\npm;C:\Program Files\JetBrains\IntelliJ IDEA 2024.3.7\bin;;C:\Users\shiva\.dotnet\tools;C:\Users\shiva\AppData\Local\Programs\mongosh\;C:\Program Files\JetBrains\IntelliJ IDEA Community Edition 2024.3.7\bin;;C:\Users\shiva\AppData\Local\Microsoft\WindowsApps
USERNAME=shiva
OS=Windows_NT
PROCESSOR_IDENTIFIER=AMD64 Family 25 Model 80 Stepping 0, AuthenticAMD
TMP=C:\Users\shiva\AppData\Local\Temp
TEMP=C:\Users\shiva\AppData\Local\Temp




Periodic native trim disabled

---------------  S Y S T E M  ---------------

OS:
 Windows 11 , 64 bit Build 26100 (10.0.26100.7309)
OS uptime: 0 days 9:57 hours
Hyper-V role detected

CPU: total 12 (initial active 12) (12 cores per cpu, 2 threads per core) family 25 model 80 stepping 0 microcode 0xa50000d, cx8, cmov, fxsr, ht, mmx, 3dnowpref, sse, sse2, sse3, ssse3, sse4a, sse4.1, sse4.2, popcnt, lzcnt, tsc, tscinvbit, avx, avx2, aes, erms, clmul, bmi1, bmi2, adx, sha, fma, vzeroupper, clflush, clflushopt, hv, rdtscp, rdpid, fsrm, f16c, cet_ss
Processor Information for processor 0
  Max Mhz: 2301, Current Mhz: 2010, Mhz Limit: 2301
Processor Information for processor 1
  Max Mhz: 2301, Current Mhz: 2301, Mhz Limit: 2301
Processor Information for processor 2
  Max Mhz: 2301, Current Mhz: 2010, Mhz Limit: 2301
Processor Information for processor 3
  Max Mhz: 2301, Current Mhz: 2301, Mhz Limit: 2301
Processor Information for processor 4
  Max Mhz: 2301, Current Mhz: 2010, Mhz Limit: 2301
Processor Information for processor 5
  Max Mhz: 2301, Current Mhz: 2010, Mhz Limit: 2301
Processor Information for processor 6
  Max Mhz: 2301, Current Mhz: 2010, Mhz Limit: 2301
Processor Information for processor 7
  Max Mhz: 2301, Current Mhz: 2010, Mhz Limit: 2301
Processor Information for processor 8
  Max Mhz: 2301, Current Mhz: 2010, Mhz Limit: 2301
Processor Information for processor 9
  Max Mhz: 2301, Current Mhz: 2301, Mhz Limit: 2301
Processor Information for processor 10
  Max Mhz: 2301, Current Mhz: 2301, Mhz Limit: 2301
Processor Information for processor 11
  Max Mhz: 2301, Current Mhz: 2010, Mhz Limit: 2301

Memory: 4k page, system-wide physical 3424M (148M free)
TotalPageFile size 14176M (AvailPageFile size 2M)
current process WorkingSet (physical memory assigned to process): 12M, peak: 12M
current process commit charge ("private bytes"): 64M, peak: 118M

vm_info: Java HotSpot(TM) 64-Bit Server VM (21.0.1+12-LTS-29) for windows-amd64 JRE (21.0.1+12-LTS-29), built on 2023-10-05T13:27:09Z by "mach5one" with MS VC++ 17.1 (VS2022)

END.
